
ROM used:   748/16384 (2%)
            748/16384 (2%) including unused fragments

            0.8 Average locations per line
            13.4 Average locations per statement

RAM used:   55/2048 (3%) at main() level
            57/2048 (3%) worst case

Stack used: 1 worst case (0 in main + 1 for interrupts)
Stack size: 31

Lines Stmts  %   Files
----- ----- ---  -----
   96    56 100  relogio_com_display_7seg.c
  821     0   0  ..\..\..\..\..\Program Files (x86)\PICC\Devices\18F4550.h
----- -----
  917    56 Total

Page ROM  %  RAM   Vol Diff  Functions:
---- --- --- ---   --- ----  ----------
0    478  32    2  1572  7.8  trata_t0
0    124   8    0    98  2.1  MAIN
 Inline         0             @cinit1

Program metrics:
    Functions               2
    Statements              56
    Comments                156
    Volume (V)              1789
    Difficulty (D)          10.0
    Effort to implement (E) 17941
    Time to implement (T)   17 minutes
    Est Delivered Bugs (B)  0
    Cyclomatic Complexity   13
    Maintainability (MI)    125

 Segment     Used  Free
-----------  ----  ----
00000-00002     4  0  
00004-00006     0  4  
00008-00094   142  0  
00096-07FFE   602  32016  



